Build started 14/04/2015 14:33:44.
     1>Project "C:\Users\sab\Projects\learnProgramming\C++\Basis_01\Basis_01.vcxproj" on node 2 (Build target(s)).
     1>Link:
         C:\Program Files (x86)\Microsoft Visual Studio 12.0\VC\bin\link.exe /ERRORREPORT:PROMPT /OUT:"C:\Users\sab\Projects\learnProgramming\C++\Basis_01\Release\Basis_01.exe" /INCREMENTAL:NO /NOLOGO /LIBPATH:glut/ glut32.lib kernel32.lib user32.lib gdi32.lib winspool.lib comdlg32.lib advapi32.lib shell32.lib ole32.lib oleaut32.lib uuid.lib odbc32.lib odbccp32.lib kernel32.lib user32.lib gdi32.lib winspool.lib comdlg32.lib advapi32.lib shell32.lib ole32.lib oleaut32.lib uuid.lib odbc32.lib odbccp32.lib /MANIFEST /MANIFESTUAC:"level='asInvoker' uiAccess='false'" /manifest:embed /DEBUG /PDB:"C:\Users\sab\Projects\learnProgramming\C++\Basis_01\Release\Basis_01.pdb" /SUBSYSTEM:CONSOLE /OPT:REF /OPT:ICF /LTCG /TLBID:1 /DYNAMICBASE /NXCOMPAT /IMPLIB:"C:\Users\sab\Projects\learnProgramming\C++\Basis_01\Release\Basis_01.lib" /MACHINE:X86 /SAFESEH Release\main.obj
         Generating code
     1>c:\users\sab\projects\learnprogramming\c++\basis_01\main.cpp(22): error C4700: uninitialized local variable 'holder' used
     1>LINK : fatal error LNK1257: code generation failed
     1>Done Building Project "C:\Users\sab\Projects\learnProgramming\C++\Basis_01\Basis_01.vcxproj" (Build target(s)) -- FAILED.

Build FAILED.

Time Elapsed 00:00:00.18
